This file contains any messages produced by compilers while
running configure, to aid debugging if configure makes a mistake.

It was created by configure, which was
generated by GNU Autoconf 2.67.  Invocation command line was

  $ ./configure 

## --------- ##
## Platform. ##
## --------- ##

hostname = raspberrypi
uname -m = armv7l
uname -r = 4.4.21-v7+
uname -s = Linux
uname -v = #911 SMP Thu Sep 15 14:22:38 BST 2016

/usr/bin/uname -p = unknown
/bin/uname -X     = unknown

/bin/arch              = unknown
/usr/bin/arch -k       = unknown
/usr/convex/getsysinfo = unknown
/usr/bin/hostinfo      = unknown
/bin/machine           = unknown
/usr/bin/oslevel       = unknown
/bin/universe          = unknown

PATH: /usr/local/sbin
PATH: /usr/local/bin
PATH: /usr/sbin
PATH: /usr/bin
PATH: /sbin
PATH: /bin
PATH: /usr/local/games
PATH: /usr/games


## ----------- ##
## Core tests. ##
## ----------- ##

configure:2396: osip2                                       The GNU Open SIP library.
configure:2398: Copyright (C) 2001,2002,2003,2004,2005,2006,2007 Aymeric MOIZARD - <jack@atosc.org>
configure:2427: result: Configuring libosip2 3.6.0
configure:2430: result: Building Package on linux
configure:2482: checking for a BSD-compatible install
configure:2550: result: /usr/bin/install -c
configure:2561: checking whether build environment is sane
configure:2611: result: yes
configure:2752: checking for a thread-safe mkdir -p
configure:2791: result: /bin/mkdir -p
configure:2804: checking for gawk
configure:2834: result: no
configure:2804: checking for mawk
configure:2820: found /usr/bin/mawk
configure:2831: result: mawk
configure:2842: checking whether make sets $(MAKE)
configure:2864: result: yes
configure:2963: checking build system type
configure:2977: result: armv7l-unknown-linux-gnueabi
configure:2997: checking host system type
configure:3010: result: armv7l-unknown-linux-gnueabi
configure:3080: checking for gcc
configure:3096: found /usr/bin/gcc
configure:3107: result: gcc
configure:3336: checking for C compiler version
configure:3345: gcc --version >&5
gcc (Raspbian 4.9.2-10) 4.9.2
Copyright (C) 2014 Free Software Foundation, Inc.
This is free software; see the source for copying conditions.  There is NO
warranty; not even for MERCHANTABILITY or FITNESS FOR A PARTICULAR PURPOSE.

configure:3356: $? = 0
configure:3345: gcc -v >&5
Using built-in specs.
COLLECT_GCC=gcc
COLLECT_LTO_WRAPPER=/usr/lib/gcc/arm-linux-gnueabihf/4.9/lto-wrapper
Target: arm-linux-gnueabihf
Configured with: ../src/configure -v --with-pkgversion='Raspbian 4.9.2-10' --with-bugurl=file:///usr/share/doc/gcc-4.9/README.Bugs --enable-languages=c,c++,java,go,d,fortran,objc,obj-c++ --prefix=/usr --program-suffix=-4.9 --enable-shared --enable-linker-build-id --libexecdir=/usr/lib --without-included-gettext --enable-threads=posix --with-gxx-include-dir=/usr/include/c++/4.9 --libdir=/usr/lib --enable-nls --with-sysroot=/ --enable-clocale=gnu --enable-libstdcxx-debug --enable-libstdcxx-time=yes --enable-gnu-unique-object --disable-libitm --disable-libquadmath --enable-plugin --with-system-zlib --disable-browser-plugin --enable-java-awt=gtk --enable-gtk-cairo --with-java-home=/usr/lib/jvm/java-1.5.0-gcj-4.9-armhf/jre --enable-java-home --with-jvm-root-dir=/usr/lib/jvm/java-1.5.0-gcj-4.9-armhf --with-jvm-jar-dir=/usr/lib/jvm-exports/java-1.5.0-gcj-4.9-armhf --with-arch-directory=arm --with-ecj-jar=/usr/share/java/eclipse-ecj.jar --enable-objc-gc --enable-multiarch --disable-sjlj-exceptions --with-arch=armv6 --with-fpu=vfp --with-float=hard --enable-checking=release --build=arm-linux-gnueabihf --host=arm-linux-gnueabihf --target=arm-linux-gnueabihf
Thread model: posix
gcc version 4.9.2 (Raspbian 4.9.2-10) 
configure:3356: $? = 0
configure:3345: gcc -V >&5
gcc: error: unrecognized command line option '-V'
gcc: fatal error: no input files
compilation terminated.
configure:3356: $? = 4
configure:3345: gcc -qversion >&5
gcc: error: unrecognized command line option '-qversion'
gcc: fatal error: no input files
compilation terminated.
configure:3356: $? = 4
configure:3376: checking whether the C compiler works
configure:3398: gcc    conftest.c  >&5
configure:3402: $? = 0
configure:3450: result: yes
configure:3453: checking for C compiler default output file name
configure:3455: result: a.out
configure:3461: checking for suffix of executables
configure:3468: gcc -o conftest    conftest.c  >&5
configure:3472: $? = 0
configure:3494: result: 
configure:3516: checking whether we are cross compiling
configure:3524: gcc -o conftest    conftest.c  >&5
configure:3528: $? = 0
configure:3535: ./conftest
configure:3539: $? = 0
configure:3554: result: no
configure:3559: checking for suffix of object files
configure:3581: gcc -c   conftest.c >&5
configure:3585: $? = 0
configure:3606: result: o
configure:3610: checking whether we are using the GNU C compiler
configure:3629: gcc -c   conftest.c >&5
configure:3629: $? = 0
configure:3638: result: yes
configure:3647: checking whether gcc accepts -g
configure:3667: gcc -c -g  conftest.c >&5
configure:3667: $? = 0
configure:3708: result: yes
configure:3725: checking for gcc option to accept ISO C89
configure:3789: gcc  -c -g -O2  conftest.c >&5
configure:3789: $? = 0
configure:3802: result: none needed
configure:3833: checking for style of include used by make
configure:3861: result: GNU
configure:3886: checking dependency style of gcc
configure:3996: result: gcc3
configure:4016: checking how to run the C preprocessor
configure:4047: gcc -E  conftest.c
configure:4047: $? = 0
configure:4061: gcc -E  conftest.c
conftest.c:11:28: fatal error: ac_nonexistent.h: No such file or directory
 #include <ac_nonexistent.h>
                            ^
compilation terminated.
configure:4061: $? = 1
configure: failed program was:
| /* confdefs.h */
| #define PACKAGE_NAME ""
| #define PACKAGE_TARNAME ""
| #define PACKAGE_VERSION ""
| #define PACKAGE_STRING ""
| #define PACKAGE_BUGREPORT ""
| #define PACKAGE_URL ""
| #define PACKAGE "libosip2"
| #define VERSION "3.6.0"
| /* end confdefs.h.  */
| #include <ac_nonexistent.h>
configure:4086: result: gcc -E
configure:4106: gcc -E  conftest.c
configure:4106: $? = 0
configure:4120: gcc -E  conftest.c
conftest.c:11:28: fatal error: ac_nonexistent.h: No such file or directory
 #include <ac_nonexistent.h>
                            ^
compilation terminated.
configure:4120: $? = 1
configure: failed program was:
| /* confdefs.h */
| #define PACKAGE_NAME ""
| #define PACKAGE_TARNAME ""
| #define PACKAGE_VERSION ""
| #define PACKAGE_STRING ""
| #define PACKAGE_BUGREPORT ""
| #define PACKAGE_URL ""
| #define PACKAGE "libosip2"
| #define VERSION "3.6.0"
| /* end confdefs.h.  */
| #include <ac_nonexistent.h>
configure:4454: checking for a sed that does not truncate output
configure:4518: result: /bin/sed
configure:4548: checking for a sed that does not truncate output
configure:4612: result: /bin/sed
configure:4630: checking for grep that handles long lines and -e
configure:4688: result: /bin/grep
configure:4693: checking for egrep
configure:4755: result: /bin/grep -E
configure:4760: checking for fgrep
configure:4822: result: /bin/grep -F
configure:4857: checking for ld used by gcc
configure:4924: result: /usr/bin/ld
configure:4931: checking if the linker (/usr/bin/ld) is GNU ld
configure:4946: result: yes
configure:4958: checking for BSD- or MS-compatible name lister (nm)
configure:5007: result: /usr/bin/nm -B
configure:5125: checking the name lister (/usr/bin/nm -B) interface
configure:5132: gcc -c -g -O2  conftest.c >&5
configure:5135: /usr/bin/nm -B "conftest.o"
configure:5138: output
00000000 B some_variable
configure:5145: result: BSD nm
configure:5148: checking whether ln -s works
configure:5152: result: yes
configure:5160: checking the maximum length of command line arguments
configure:5280: result: 1572864
configure:5297: checking whether the shell understands some XSI constructs
configure:5307: result: yes
configure:5311: checking whether the shell understands "+="
configure:5317: result: yes
configure:5352: checking for /usr/bin/ld option to reload object files
configure:5359: result: -r
configure:5428: checking for objdump
configure:5455: result: objdump
configure:5484: checking how to recognize dependent libraries
configure:5680: result: pass_all
configure:5740: checking for ar
configure:5756: found /usr/bin/ar
configure:5767: result: ar
configure:5845: checking for strip
configure:5861: found /usr/bin/strip
configure:5872: result: strip
configure:5944: checking for ranlib
configure:5960: found /usr/bin/ranlib
configure:5971: result: ranlib
configure:6061: checking command to parse /usr/bin/nm -B output from gcc object
configure:6179: gcc -c -g -O2  conftest.c >&5
configure:6182: $? = 0
configure:6186: /usr/bin/nm -B conftest.o \| sed -n -e 's/^.*[	 ]\([ABCDGIRSTW][ABCDGIRSTW]*\)[	 ][	 ]*\([_A-Za-z][_A-Za-z0-9]*\)$/\1 \2 \2/p' \> conftest.nm
configure:6189: $? = 0
configure:6243: gcc -o conftest -g -O2   conftest.c conftstm.o >&5
configure:6246: $? = 0
configure:6284: result: ok
configure:7089: checking for ANSI C header files
configure:7109: gcc -c -g -O2  conftest.c >&5
configure:7109: $? = 0
configure:7182: gcc -o conftest -g -O2   conftest.c  >&5
configure:7182: $? = 0
configure:7182: ./conftest
configure:7182: $? = 0
configure:7193: result: yes
configure:7206: checking for sys/types.h
configure:7206: gcc -c -g -O2  conftest.c >&5
configure:7206: $? = 0
configure:7206: result: yes
configure:7206: checking for sys/stat.h
configure:7206: gcc -c -g -O2  conftest.c >&5
configure:7206: $? = 0
configure:7206: result: yes
configure:7206: checking for stdlib.h
configure:7206: gcc -c -g -O2  conftest.c >&5
configure:7206: $? = 0
configure:7206: result: yes
configure:7206: checking for string.h
configure:7206: gcc -c -g -O2  conftest.c >&5
configure:7206: $? = 0
configure:7206: result: yes
configure:7206: checking for memory.h
configure:7206: gcc -c -g -O2  conftest.c >&5
configure:7206: $? = 0
configure:7206: result: yes
configure:7206: checking for strings.h
configure:7206: gcc -c -g -O2  conftest.c >&5
configure:7206: $? = 0
configure:7206: result: yes
configure:7206: checking for inttypes.h
configure:7206: gcc -c -g -O2  conftest.c >&5
configure:7206: $? = 0
configure:7206: result: yes
configure:7206: checking for stdint.h
configure:7206: gcc -c -g -O2  conftest.c >&5
configure:7206: $? = 0
configure:7206: result: yes
configure:7206: checking for unistd.h
configure:7206: gcc -c -g -O2  conftest.c >&5
configure:7206: $? = 0
configure:7206: result: yes
configure:7220: checking for dlfcn.h
configure:7220: gcc -c -g -O2  conftest.c >&5
configure:7220: $? = 0
configure:7220: result: yes
configure:7402: checking for objdir
configure:7417: result: .libs
configure:7709: checking if gcc supports -fno-rtti -fno-exceptions
configure:7727: gcc -c -g -O2  -fno-rtti -fno-exceptions conftest.c >&5
cc1: warning: command line option '-fno-rtti' is valid for C++/ObjC++ but not for C
configure:7731: $? = 0
configure:7744: result: no
configure:7764: checking for gcc option to produce PIC
configure:8036: result: -fPIC -DPIC
configure:8048: checking if gcc PIC flag -fPIC -DPIC works
configure:8066: gcc -c -g -O2  -fPIC -DPIC -DPIC conftest.c >&5
configure:8070: $? = 0
configure:8083: result: yes
configure:8107: checking if gcc static flag -static works
configure:8135: result: yes
configure:8150: checking if gcc supports -c -o file.o
configure:8171: gcc -c -g -O2  -o out/conftest2.o conftest.c >&5
configure:8175: $? = 0
configure:8197: result: yes
configure:8205: checking if gcc supports -c -o file.o
configure:8252: result: yes
configure:8285: checking whether the gcc linker (/usr/bin/ld) supports shared libraries
configure:9276: result: yes
configure:9313: checking whether -lc should be explicitly linked in
configure:9318: gcc -c -g -O2  conftest.c >&5
configure:9321: $? = 0
configure:9336: gcc -shared conftest.o  -v -Wl,-soname -Wl,conftest -o conftest 2\>\&1 \| /bin/grep  -lc  \>/dev/null 2\>\&1
configure:9339: $? = 0
configure:9351: result: no
configure:9515: checking dynamic linker characteristics
configure:9948: gcc -o conftest -g -O2   -Wl,-rpath -Wl,/foo conftest.c  >&5
configure:9948: $? = 0
configure:10178: result: GNU/Linux ld.so
configure:10280: checking how to hardcode library paths into programs
configure:10305: result: immediate
configure:10825: checking whether stripping libraries is possible
configure:10830: result: yes
configure:10865: checking if libtool supports shared libraries
configure:10867: result: yes
configure:10870: checking whether to build shared libraries
configure:10891: result: yes
configure:10894: checking whether to build static libraries
configure:10898: result: yes
configure:11147: checking for the pthreads library -lpthreads
configure:11180: gcc -o conftest -g -O2    conftest.c -lpthreads  >&5
/usr/bin/ld: cannot find -lpthreads
collect2: error: ld returned 1 exit status
configure:11180: $? = 1
configure: failed program was:
| /* confdefs.h */
| #define PACKAGE_NAME ""
| #define PACKAGE_TARNAME ""
| #define PACKAGE_VERSION ""
| #define PACKAGE_STRING ""
| #define PACKAGE_BUGREPORT ""
| #define PACKAGE_URL ""
| #define PACKAGE "libosip2"
| #define VERSION "3.6.0"
| #define STDC_HEADERS 1
| #define HAVE_SYS_TYPES_H 1
| #define HAVE_SYS_STAT_H 1
| #define HAVE_STDLIB_H 1
| #define HAVE_STRING_H 1
| #define HAVE_MEMORY_H 1
| #define HAVE_STRINGS_H 1
| #define HAVE_INTTYPES_H 1
| #define HAVE_STDINT_H 1
| #define HAVE_UNISTD_H 1
| #define HAVE_DLFCN_H 1
| #define LT_OBJDIR ".libs/"
| /* end confdefs.h.  */
| #include <pthread.h>
| int
| main ()
| {
| pthread_t th; pthread_join(th, 0);
|                      pthread_attr_init(0); pthread_cleanup_push(0, 0);
|                      pthread_create(0,0,0,0); pthread_cleanup_pop(0);
|   ;
|   return 0;
| }
configure:11189: result: no
configure:11136: checking whether pthreads work without any flags
configure:11180: gcc -o conftest -g -O2    conftest.c   >&5
/tmp/ccWBQx8K.o: In function `main':
/home/pi/sipproject/lib-file/libosip2-3.6.0/conftest.c:27: undefined reference to `pthread_join'
/home/pi/sipproject/lib-file/libosip2-3.6.0/conftest.c:28: undefined reference to `__pthread_register_cancel'
/home/pi/sipproject/lib-file/libosip2-3.6.0/conftest.c:29: undefined reference to `pthread_create'
/home/pi/sipproject/lib-file/libosip2-3.6.0/conftest.c:29: undefined reference to `__pthread_unregister_cancel'
collect2: error: ld returned 1 exit status
configure:11180: $? = 1
configure: failed program was:
| /* confdefs.h */
| #define PACKAGE_NAME ""
| #define PACKAGE_TARNAME ""
| #define PACKAGE_VERSION ""
| #define PACKAGE_STRING ""
| #define PACKAGE_BUGREPORT ""
| #define PACKAGE_URL ""
| #define PACKAGE "libosip2"
| #define VERSION "3.6.0"
| #define STDC_HEADERS 1
| #define HAVE_SYS_TYPES_H 1
| #define HAVE_SYS_STAT_H 1
| #define HAVE_STDLIB_H 1
| #define HAVE_STRING_H 1
| #define HAVE_MEMORY_H 1
| #define HAVE_STRINGS_H 1
| #define HAVE_INTTYPES_H 1
| #define HAVE_STDINT_H 1
| #define HAVE_UNISTD_H 1
| #define HAVE_DLFCN_H 1
| #define LT_OBJDIR ".libs/"
| /* end confdefs.h.  */
| #include <pthread.h>
| int
| main ()
| {
| pthread_t th; pthread_join(th, 0);
|                      pthread_attr_init(0); pthread_cleanup_push(0, 0);
|                      pthread_create(0,0,0,0); pthread_cleanup_pop(0);
|   ;
|   return 0;
| }
configure:11189: result: no
configure:11141: checking whether pthreads work with -Kthread
configure:11180: gcc -o conftest -g -O2 -Kthread   conftest.c   >&5
gcc: error: unrecognized command line option '-Kthread'
configure:11180: $? = 1
configure: failed program was:
| /* confdefs.h */
| #define PACKAGE_NAME ""
| #define PACKAGE_TARNAME ""
| #define PACKAGE_VERSION ""
| #define PACKAGE_STRING ""
| #define PACKAGE_BUGREPORT ""
| #define PACKAGE_URL ""
| #define PACKAGE "libosip2"
| #define VERSION "3.6.0"
| #define STDC_HEADERS 1
| #define HAVE_SYS_TYPES_H 1
| #define HAVE_SYS_STAT_H 1
| #define HAVE_STDLIB_H 1
| #define HAVE_STRING_H 1
| #define HAVE_MEMORY_H 1
| #define HAVE_STRINGS_H 1
| #define HAVE_INTTYPES_H 1
| #define HAVE_STDINT_H 1
| #define HAVE_UNISTD_H 1
| #define HAVE_DLFCN_H 1
| #define LT_OBJDIR ".libs/"
| /* end confdefs.h.  */
| #include <pthread.h>
| int
| main ()
| {
| pthread_t th; pthread_join(th, 0);
|                      pthread_attr_init(0); pthread_cleanup_push(0, 0);
|                      pthread_create(0,0,0,0); pthread_cleanup_pop(0);
|   ;
|   return 0;
| }
configure:11189: result: no
configure:11141: checking whether pthreads work with -kthread
configure:11180: gcc -o conftest -g -O2 -kthread   conftest.c   >&5
gcc: error: unrecognized command line option '-kthread'
configure:11180: $? = 1
configure: failed program was:
| /* confdefs.h */
| #define PACKAGE_NAME ""
| #define PACKAGE_TARNAME ""
| #define PACKAGE_VERSION ""
| #define PACKAGE_STRING ""
| #define PACKAGE_BUGREPORT ""
| #define PACKAGE_URL ""
| #define PACKAGE "libosip2"
| #define VERSION "3.6.0"
| #define STDC_HEADERS 1
| #define HAVE_SYS_TYPES_H 1
| #define HAVE_SYS_STAT_H 1
| #define HAVE_STDLIB_H 1
| #define HAVE_STRING_H 1
| #define HAVE_MEMORY_H 1
| #define HAVE_STRINGS_H 1
| #define HAVE_INTTYPES_H 1
| #define HAVE_STDINT_H 1
| #define HAVE_UNISTD_H 1
| #define HAVE_DLFCN_H 1
| #define LT_OBJDIR ".libs/"
| /* end confdefs.h.  */
| #include <pthread.h>
| int
| main ()
| {
| pthread_t th; pthread_join(th, 0);
|                      pthread_attr_init(0); pthread_cleanup_push(0, 0);
|                      pthread_create(0,0,0,0); pthread_cleanup_pop(0);
|   ;
|   return 0;
| }
configure:11189: result: no
configure:11147: checking for the pthreads library -llthread
configure:11180: gcc -o conftest -g -O2    conftest.c -llthread  >&5
/usr/bin/ld: cannot find -llthread
collect2: error: ld returned 1 exit status
configure:11180: $? = 1
configure: failed program was:
| /* confdefs.h */
| #define PACKAGE_NAME ""
| #define PACKAGE_TARNAME ""
| #define PACKAGE_VERSION ""
| #define PACKAGE_STRING ""
| #define PACKAGE_BUGREPORT ""
| #define PACKAGE_URL ""
| #define PACKAGE "libosip2"
| #define VERSION "3.6.0"
| #define STDC_HEADERS 1
| #define HAVE_SYS_TYPES_H 1
| #define HAVE_SYS_STAT_H 1
| #define HAVE_STDLIB_H 1
| #define HAVE_STRING_H 1
| #define HAVE_MEMORY_H 1
| #define HAVE_STRINGS_H 1
| #define HAVE_INTTYPES_H 1
| #define HAVE_STDINT_H 1
| #define HAVE_UNISTD_H 1
| #define HAVE_DLFCN_H 1
| #define LT_OBJDIR ".libs/"
| /* end confdefs.h.  */
| #include <pthread.h>
| int
| main ()
| {
| pthread_t th; pthread_join(th, 0);
|                      pthread_attr_init(0); pthread_cleanup_push(0, 0);
|                      pthread_create(0,0,0,0); pthread_cleanup_pop(0);
|   ;
|   return 0;
| }
configure:11189: result: no
configure:11141: checking whether pthreads work with -pthread
configure:11180: gcc -o conftest -g -O2 -pthread   conftest.c   >&5
configure:11180: $? = 0
configure:11189: result: yes
configure:11209: checking for joinable pthread attribute
configure:11222: gcc -o conftest -g -O2 -pthread   conftest.c   >&5
configure:11222: $? = 0
configure:11254: result: PTHREAD_CREATE_JOINABLE
configure:11261: checking if more special flags are required for pthreads
configure:11268: result: no
configure:11280: checking for cc_r
configure:11308: result: gcc
configure:11392: checking semaphore.h usability
configure:11392: gcc -c -g -O2  conftest.c >&5
configure:11392: $? = 0
configure:11392: result: yes
configure:11392: checking semaphore.h presence
configure:11392: gcc -E  conftest.c
configure:11392: $? = 0
configure:11392: result: yes
configure:11392: checking for semaphore.h
configure:11392: result: yes
configure:11404: checking sys/sem.h usability
configure:11404: gcc -c -g -O2  conftest.c >&5
configure:11404: $? = 0
configure:11404: result: yes
configure:11404: checking sys/sem.h presence
configure:11404: gcc -E  conftest.c
configure:11404: $? = 0
configure:11404: result: yes
configure:11404: checking for sys/sem.h
configure:11404: result: yes
configure:11499: checking for sem_open in -lposix4
configure:11524: gcc -o conftest -g    conftest.c -lposix4   >&5
/usr/bin/ld: cannot find -lposix4
collect2: error: ld returned 1 exit status
configure:11524: $? = 1
configure: failed program was:
| /* confdefs.h */
| #define PACKAGE_NAME ""
| #define PACKAGE_TARNAME ""
| #define PACKAGE_VERSION ""
| #define PACKAGE_STRING ""
| #define PACKAGE_BUGREPORT ""
| #define PACKAGE_URL ""
| #define PACKAGE "libosip2"
| #define VERSION "3.6.0"
| #define STDC_HEADERS 1
| #define HAVE_SYS_TYPES_H 1
| #define HAVE_SYS_STAT_H 1
| #define HAVE_STDLIB_H 1
| #define HAVE_STRING_H 1
| #define HAVE_MEMORY_H 1
| #define HAVE_STRINGS_H 1
| #define HAVE_INTTYPES_H 1
| #define HAVE_STDINT_H 1
| #define HAVE_UNISTD_H 1
| #define HAVE_DLFCN_H 1
| #define LT_OBJDIR ".libs/"
| #define HAVE_PTHREAD 1
| #define HAVE_SEMAPHORE_H 1
| #define HAVE_SYS_SEM_H 1
| /* end confdefs.h.  */
| 
| /* Override any GCC internal prototype to avoid an error.
|    Use char because int might match the return type of a GCC
|    builtin and then its argument prototype would still apply.  */
| #ifdef __cplusplus
| extern "C"
| #endif
| char sem_open ();
| int
| main ()
| {
| return sem_open ();
|   ;
|   return 0;
| }
configure:11533: result: no
configure:11539: checking for nis_add in -lnsl
configure:11564: gcc -o conftest -g    conftest.c -lnsl   >&5
configure:11564: $? = 0
configure:11573: result: yes
configure:11579: checking for sendto in -lsocket
configure:11604: gcc -o conftest -g    conftest.c -lsocket   >&5
/usr/bin/ld: cannot find -lsocket
collect2: error: ld returned 1 exit status
configure:11604: $? = 1
configure: failed program was:
| /* confdefs.h */
| #define PACKAGE_NAME ""
| #define PACKAGE_TARNAME ""
| #define PACKAGE_VERSION ""
| #define PACKAGE_STRING ""
| #define PACKAGE_BUGREPORT ""
| #define PACKAGE_URL ""
| #define PACKAGE "libosip2"
| #define VERSION "3.6.0"
| #define STDC_HEADERS 1
| #define HAVE_SYS_TYPES_H 1
| #define HAVE_SYS_STAT_H 1
| #define HAVE_STDLIB_H 1
| #define HAVE_STRING_H 1
| #define HAVE_MEMORY_H 1
| #define HAVE_STRINGS_H 1
| #define HAVE_INTTYPES_H 1
| #define HAVE_STDINT_H 1
| #define HAVE_UNISTD_H 1
| #define HAVE_DLFCN_H 1
| #define LT_OBJDIR ".libs/"
| #define HAVE_PTHREAD 1
| #define HAVE_SEMAPHORE_H 1
| #define HAVE_SYS_SEM_H 1
| /* end confdefs.h.  */
| 
| /* Override any GCC internal prototype to avoid an error.
|    Use char because int might match the return type of a GCC
|    builtin and then its argument prototype would still apply.  */
| #ifdef __cplusplus
| extern "C"
| #endif
| char sendto ();
| int
| main ()
| {
| return sendto ();
|   ;
|   return 0;
| }
configure:11613: result: no
configure:11619: checking for lrand48 in -lc
configure:11644: gcc -o conftest -g    conftest.c -lc   >&5
configure:11644: $? = 0
configure:11653: result: yes
configure:11662: checking whether -Wall works
configure:11681: gcc -c -g  -Wall conftest.c >&5
configure:11681: $? = 0
configure:11690: result: yes
configure:11697: checking whether -Wcast-align works
configure:11716: gcc -c -g  -Wcast-align conftest.c >&5
configure:11716: $? = 0
configure:11725: result: yes
configure:11732: checking whether -Wchar-subscripts works
configure:11751: gcc -c -g  -Wchar-subscripts conftest.c >&5
configure:11751: $? = 0
configure:11760: result: yes
configure:11767: checking whether -Wformat works
configure:11786: gcc -c -g  -Wformat conftest.c >&5
configure:11786: $? = 0
configure:11795: result: yes
configure:11802: checking whether -Winline works
configure:11821: gcc -c -g  -Winline conftest.c >&5
configure:11821: $? = 0
configure:11830: result: yes
configure:11837: checking whether -Wmissing-declarations works
configure:11856: gcc -c -g  -Wmissing-declarations conftest.c >&5
configure:11856: $? = 0
configure:11865: result: yes
configure:11872: checking whether -Wmissing-prototypes works
configure:11891: gcc -c -g  -Wmissing-prototypes conftest.c >&5
configure:11891: $? = 0
configure:11900: result: yes
configure:11907: checking whether -Wnested-externs works
configure:11926: gcc -c -g  -Wnested-externs conftest.c >&5
configure:11926: $? = 0
configure:11935: result: yes
configure:11942: checking whether -Wpointer-arith works
configure:11961: gcc -c -g  -Wpointer-arith conftest.c >&5
configure:11961: $? = 0
configure:11970: result: yes
configure:11990: checking for ANSI C header files
configure:12094: result: yes
configure:12104: checking for string.h
configure:12104: result: yes
configure:12116: checking for strings.h
configure:12116: result: yes
configure:12128: checking for stdlib.h
configure:12128: result: yes
configure:12140: checking for unistd.h
configure:12140: result: yes
configure:12152: checking for sys/types.h
configure:12152: result: yes
configure:12165: checking sys/unistd.h usability
configure:12165: gcc -c -g   -Wall -Wcast-align -Wchar-subscripts -Wformat -Winline -Wmissing-declarations -Wmissing-prototypes -Wnested-externs -Wpointer-arith conftest.c >&5
configure:12165: $? = 0
configure:12165: result: yes
configure:12165: checking sys/unistd.h presence
configure:12165: gcc -E  -Wall -Wcast-align -Wchar-subscripts -Wformat -Winline -Wmissing-declarations -Wmissing-prototypes -Wnested-externs -Wpointer-arith conftest.c
configure:12165: $? = 0
configure:12165: result: yes
configure:12165: checking for sys/unistd.h
configure:12165: result: yes
configure:12177: checking syslog.h usability
configure:12177: gcc -c -g   -Wall -Wcast-align -Wchar-subscripts -Wformat -Winline -Wmissing-declarations -Wmissing-prototypes -Wnested-externs -Wpointer-arith conftest.c >&5
configure:12177: $? = 0
configure:12177: result: yes
configure:12177: checking syslog.h presence
configure:12177: gcc -E  -Wall -Wcast-align -Wchar-subscripts -Wformat -Winline -Wmissing-declarations -Wmissing-prototypes -Wnested-externs -Wpointer-arith conftest.c
configure:12177: $? = 0
configure:12177: result: yes
configure:12177: checking for syslog.h
configure:12177: result: yes
configure:12189: checking ctype.h usability
configure:12189: gcc -c -g   -Wall -Wcast-align -Wchar-subscripts -Wformat -Winline -Wmissing-declarations -Wmissing-prototypes -Wnested-externs -Wpointer-arith conftest.c >&5
configure:12189: $? = 0
configure:12189: result: yes
configure:12189: checking ctype.h presence
configure:12189: gcc -E  -Wall -Wcast-align -Wchar-subscripts -Wformat -Winline -Wmissing-declarations -Wmissing-prototypes -Wnested-externs -Wpointer-arith conftest.c
configure:12189: $? = 0
configure:12189: result: yes
configure:12189: checking for ctype.h
configure:12189: result: yes
configure:12201: checking stdio.h usability
configure:12201: gcc -c -g   -Wall -Wcast-align -Wchar-subscripts -Wformat -Winline -Wmissing-declarations -Wmissing-prototypes -Wnested-externs -Wpointer-arith conftest.c >&5
configure:12201: $? = 0
configure:12201: result: yes
configure:12201: checking stdio.h presence
configure:12201: gcc -E  -Wall -Wcast-align -Wchar-subscripts -Wformat -Winline -Wmissing-declarations -Wmissing-prototypes -Wnested-externs -Wpointer-arith conftest.c
configure:12201: $? = 0
configure:12201: result: yes
configure:12201: checking for stdio.h
configure:12201: result: yes
configure:12213: checking stdarg.h usability
configure:12213: gcc -c -g   -Wall -Wcast-align -Wchar-subscripts -Wformat -Winline -Wmissing-declarations -Wmissing-prototypes -Wnested-externs -Wpointer-arith conftest.c >&5
configure:12213: $? = 0
configure:12213: result: yes
configure:12213: checking stdarg.h presence
configure:12213: gcc -E  -Wall -Wcast-align -Wchar-subscripts -Wformat -Winline -Wmissing-declarations -Wmissing-prototypes -Wnested-externs -Wpointer-arith conftest.c
configure:12213: $? = 0
configure:12213: result: yes
configure:12213: checking for stdarg.h
configure:12213: result: yes
configure:12225: checking varargs.h usability
configure:12225: gcc -c -g   -Wall -Wcast-align -Wchar-subscripts -Wformat -Winline -Wmissing-declarations -Wmissing-prototypes -Wnested-externs -Wpointer-arith conftest.c >&5
In file included from conftest.c:71:0:
/usr/lib/gcc/arm-linux-gnueabihf/4.9/include/varargs.h:4:2: error: #error "GCC no longer implements <varargs.h>."
 #error "GCC no longer implements <varargs.h>."
  ^
/usr/lib/gcc/arm-linux-gnueabihf/4.9/include/varargs.h:5:2: error: #error "Revise your code to use <stdarg.h>."
 #error "Revise your code to use <stdarg.h>."
  ^
configure:12225: $? = 1
configure: failed program was:
| /* confdefs.h */
| #define PACKAGE_NAME ""
| #define PACKAGE_TARNAME ""
| #define PACKAGE_VERSION ""
| #define PACKAGE_STRING ""
| #define PACKAGE_BUGREPORT ""
| #define PACKAGE_URL ""
| #define PACKAGE "libosip2"
| #define VERSION "3.6.0"
| #define STDC_HEADERS 1
| #define HAVE_SYS_TYPES_H 1
| #define HAVE_SYS_STAT_H 1
| #define HAVE_STDLIB_H 1
| #define HAVE_STRING_H 1
| #define HAVE_MEMORY_H 1
| #define HAVE_STRINGS_H 1
| #define HAVE_INTTYPES_H 1
| #define HAVE_STDINT_H 1
| #define HAVE_UNISTD_H 1
| #define HAVE_DLFCN_H 1
| #define LT_OBJDIR ".libs/"
| #define HAVE_PTHREAD 1
| #define HAVE_SEMAPHORE_H 1
| #define HAVE_SYS_SEM_H 1
| #define HAVE_LRAND48 /**/
| #define STDC_HEADERS 1
| #define HAVE_STRING_H 1
| #define HAVE_STRINGS_H 1
| #define HAVE_STDLIB_H 1
| #define HAVE_UNISTD_H 1
| #define HAVE_SYS_TYPES_H 1
| #define HAVE_SYS_UNISTD_H 1
| #define HAVE_SYSLOG_H 1
| #define HAVE_CTYPE_H 1
| #define HAVE_STDIO_H 1
| #define HAVE_STDARG_H 1
| /* end confdefs.h.  */
| #include <stdio.h>
| #ifdef HAVE_SYS_TYPES_H
| # include <sys/types.h>
| #endif
| #ifdef HAVE_SYS_STAT_H
| # include <sys/stat.h>
| #endif
| #ifdef STDC_HEADERS
| # include <stdlib.h>
| # include <stddef.h>
| #else
| # ifdef HAVE_STDLIB_H
| #  include <stdlib.h>
| # endif
| #endif
| #ifdef HAVE_STRING_H
| # if !defined STDC_HEADERS && defined HAVE_MEMORY_H
| #  include <memory.h>
| # endif
| # include <string.h>
| #endif
| #ifdef HAVE_STRINGS_H
| # include <strings.h>
| #endif
| #ifdef HAVE_INTTYPES_H
| # include <inttypes.h>
| #endif
| #ifdef HAVE_STDINT_H
| # include <stdint.h>
| #endif
| #ifdef HAVE_UNISTD_H
| # include <unistd.h>
| #endif
| #include <varargs.h>
configure:12225: result: no
configure:12225: checking varargs.h presence
configure:12225: gcc -E  -Wall -Wcast-align -Wchar-subscripts -Wformat -Winline -Wmissing-declarations -Wmissing-prototypes -Wnested-externs -Wpointer-arith conftest.c
In file included from conftest.c:38:0:
/usr/lib/gcc/arm-linux-gnueabihf/4.9/include/varargs.h:4:2: error: #error "GCC no longer implements <varargs.h>."
 #error "GCC no longer implements <varargs.h>."
  ^
/usr/lib/gcc/arm-linux-gnueabihf/4.9/include/varargs.h:5:2: error: #error "Revise your code to use <stdarg.h>."
 #error "Revise your code to use <stdarg.h>."
  ^
configure:12225: $? = 1
configure: failed program was:
| /* confdefs.h */
| #define PACKAGE_NAME ""
| #define PACKAGE_TARNAME ""
| #define PACKAGE_VERSION ""
| #define PACKAGE_STRING ""
| #define PACKAGE_BUGREPORT ""
| #define PACKAGE_URL ""
| #define PACKAGE "libosip2"
| #define VERSION "3.6.0"
| #define STDC_HEADERS 1
| #define HAVE_SYS_TYPES_H 1
| #define HAVE_SYS_STAT_H 1
| #define HAVE_STDLIB_H 1
| #define HAVE_STRING_H 1
| #define HAVE_MEMORY_H 1
| #define HAVE_STRINGS_H 1
| #define HAVE_INTTYPES_H 1
| #define HAVE_STDINT_H 1
| #define HAVE_UNISTD_H 1
| #define HAVE_DLFCN_H 1
| #define LT_OBJDIR ".libs/"
| #define HAVE_PTHREAD 1
| #define HAVE_SEMAPHORE_H 1
| #define HAVE_SYS_SEM_H 1
| #define HAVE_LRAND48 /**/
| #define STDC_HEADERS 1
| #define HAVE_STRING_H 1
| #define HAVE_STRINGS_H 1
| #define HAVE_STDLIB_H 1
| #define HAVE_UNISTD_H 1
| #define HAVE_SYS_TYPES_H 1
| #define HAVE_SYS_UNISTD_H 1
| #define HAVE_SYSLOG_H 1
| #define HAVE_CTYPE_H 1
| #define HAVE_STDIO_H 1
| #define HAVE_STDARG_H 1
| /* end confdefs.h.  */
| #include <varargs.h>
configure:12225: result: no
configure:12225: checking for varargs.h
configure:12225: result: no
configure:12237: checking fcntl.h usability
configure:12237: gcc -c -g   -Wall -Wcast-align -Wchar-subscripts -Wformat -Winline -Wmissing-declarations -Wmissing-prototypes -Wnested-externs -Wpointer-arith conftest.c >&5
configure:12237: $? = 0
configure:12237: result: yes
configure:12237: checking fcntl.h presence
configure:12237: gcc -E  -Wall -Wcast-align -Wchar-subscripts -Wformat -Winline -Wmissing-declarations -Wmissing-prototypes -Wnested-externs -Wpointer-arith conftest.c
configure:12237: $? = 0
configure:12237: result: yes
configure:12237: checking for fcntl.h
configure:12237: result: yes
configure:12249: checking time.h usability
configure:12249: gcc -c -g   -Wall -Wcast-align -Wchar-subscripts -Wformat -Winline -Wmissing-declarations -Wmissing-prototypes -Wnested-externs -Wpointer-arith conftest.c >&5
configure:12249: $? = 0
configure:12249: result: yes
configure:12249: checking time.h presence
configure:12249: gcc -E  -Wall -Wcast-align -Wchar-subscripts -Wformat -Winline -Wmissing-declarations -Wmissing-prototypes -Wnested-externs -Wpointer-arith conftest.c
configure:12249: $? = 0
configure:12249: result: yes
configure:12249: checking for time.h
configure:12249: result: yes
configure:12261: checking sys/time.h usability
configure:12261: gcc -c -g   -Wall -Wcast-align -Wchar-subscripts -Wformat -Winline -Wmissing-declarations -Wmissing-prototypes -Wnested-externs -Wpointer-arith conftest.c >&5
configure:12261: $? = 0
configure:12261: result: yes
configure:12261: checking sys/time.h presence
configure:12261: gcc -E  -Wall -Wcast-align -Wchar-subscripts -Wformat -Winline -Wmissing-declarations -Wmissing-prototypes -Wnested-externs -Wpointer-arith conftest.c
configure:12261: $? = 0
configure:12261: result: yes
configure:12261: checking for sys/time.h
configure:12261: result: yes
configure:12273: checking sys/select.h usability
configure:12273: gcc -c -g   -Wall -Wcast-align -Wchar-subscripts -Wformat -Winline -Wmissing-declarations -Wmissing-prototypes -Wnested-externs -Wpointer-arith conftest.c >&5
configure:12273: $? = 0
configure:12273: result: yes
configure:12273: checking sys/select.h presence
configure:12273: gcc -E  -Wall -Wcast-align -Wchar-subscripts -Wformat -Winline -Wmissing-declarations -Wmissing-prototypes -Wnested-externs -Wpointer-arith conftest.c
configure:12273: $? = 0
configure:12273: result: yes
configure:12273: checking for sys/select.h
configure:12273: result: yes
configure:12285: checking assert.h usability
configure:12285: gcc -c -g   -Wall -Wcast-align -Wchar-subscripts -Wformat -Winline -Wmissing-declarations -Wmissing-prototypes -Wnested-externs -Wpointer-arith conftest.c >&5
configure:12285: $? = 0
configure:12285: result: yes
configure:12285: checking assert.h presence
configure:12285: gcc -E  -Wall -Wcast-align -Wchar-subscripts -Wformat -Winline -Wmissing-declarations -Wmissing-prototypes -Wnested-externs -Wpointer-arith conftest.c
configure:12285: $? = 0
configure:12285: result: yes
configure:12285: checking for assert.h
configure:12285: result: yes
configure:12297: checking signal.h usability
configure:12297: gcc -c -g   -Wall -Wcast-align -Wchar-subscripts -Wformat -Winline -Wmissing-declarations -Wmissing-prototypes -Wnested-externs -Wpointer-arith conftest.c >&5
configure:12297: $? = 0
configure:12297: result: yes
configure:12297: checking signal.h presence
configure:12297: gcc -E  -Wall -Wcast-align -Wchar-subscripts -Wformat -Winline -Wmissing-declarations -Wmissing-prototypes -Wnested-externs -Wpointer-arith conftest.c
configure:12297: $? = 0
configure:12297: result: yes
configure:12297: checking for signal.h
configure:12297: result: yes
configure:12309: checking sys/signal.h usability
configure:12309: gcc -c -g   -Wall -Wcast-align -Wchar-subscripts -Wformat -Winline -Wmissing-declarations -Wmissing-prototypes -Wnested-externs -Wpointer-arith conftest.c >&5
configure:12309: $? = 0
configure:12309: result: yes
configure:12309: checking sys/signal.h presence
configure:12309: gcc -E  -Wall -Wcast-align -Wchar-subscripts -Wformat -Winline -Wmissing-declarations -Wmissing-prototypes -Wnested-externs -Wpointer-arith conftest.c
configure:12309: $? = 0
configure:12309: result: yes
configure:12309: checking for sys/signal.h
configure:12309: result: yes
configure:12321: checking malloc.h usability
configure:12321: gcc -c -g   -Wall -Wcast-align -Wchar-subscripts -Wformat -Winline -Wmissing-declarations -Wmissing-prototypes -Wnested-externs -Wpointer-arith conftest.c >&5
configure:12321: $? = 0
configure:12321: result: yes
configure:12321: checking malloc.h presence
configure:12321: gcc -E  -Wall -Wcast-align -Wchar-subscripts -Wformat -Winline -Wmissing-declarations -Wmissing-prototypes -Wnested-externs -Wpointer-arith conftest.c
configure:12321: $? = 0
configure:12321: result: yes
configure:12321: checking for malloc.h
configure:12321: result: yes
configure:12332: checking for struct timeval
configure:12332: gcc -c -g   -Wall -Wcast-align -Wchar-subscripts -Wformat -Winline -Wmissing-declarations -Wmissing-prototypes -Wnested-externs -Wpointer-arith conftest.c >&5
configure:12332: $? = 0
configure:12332: gcc -c -g   -Wall -Wcast-align -Wchar-subscripts -Wformat -Winline -Wmissing-declarations -Wmissing-prototypes -Wnested-externs -Wpointer-arith conftest.c >&5
conftest.c: In function 'main':
conftest.c:62:29: error: expected expression before ')' token
 if (sizeof ((struct timeval)))
                             ^
configure:12332: $? = 1
configure: failed program was:
| /* confdefs.h */
| #define PACKAGE_NAME ""
| #define PACKAGE_TARNAME ""
| #define PACKAGE_VERSION ""
| #define PACKAGE_STRING ""
| #define PACKAGE_BUGREPORT ""
| #define PACKAGE_URL ""
| #define PACKAGE "libosip2"
| #define VERSION "3.6.0"
| #define STDC_HEADERS 1
| #define HAVE_SYS_TYPES_H 1
| #define HAVE_SYS_STAT_H 1
| #define HAVE_STDLIB_H 1
| #define HAVE_STRING_H 1
| #define HAVE_MEMORY_H 1
| #define HAVE_STRINGS_H 1
| #define HAVE_INTTYPES_H 1
| #define HAVE_STDINT_H 1
| #define HAVE_UNISTD_H 1
| #define HAVE_DLFCN_H 1
| #define LT_OBJDIR ".libs/"
| #define HAVE_PTHREAD 1
| #define HAVE_SEMAPHORE_H 1
| #define HAVE_SYS_SEM_H 1
| #define HAVE_LRAND48 /**/
| #define STDC_HEADERS 1
| #define HAVE_STRING_H 1
| #define HAVE_STRINGS_H 1
| #define HAVE_STDLIB_H 1
| #define HAVE_UNISTD_H 1
| #define HAVE_SYS_TYPES_H 1
| #define HAVE_SYS_UNISTD_H 1
| #define HAVE_SYSLOG_H 1
| #define HAVE_CTYPE_H 1
| #define HAVE_STDIO_H 1
| #define HAVE_STDARG_H 1
| #define HAVE_FCNTL_H 1
| #define HAVE_TIME_H 1
| #define HAVE_SYS_TIME_H 1
| #define HAVE_SYS_SELECT_H 1
| #define HAVE_ASSERT_H 1
| #define HAVE_SIGNAL_H 1
| #define HAVE_SYS_SIGNAL_H 1
| #define HAVE_MALLOC_H 1
| /* end confdefs.h.  */
| 
|      #if TIME_WITH_SYS_TIME
|      # include <sys/time.h>
|      # include <time.h>
|      #else
|      # if HAVE_SYS_TIME_H
|      #  include <sys/time.h>
|      # else
|      #  include <time.h>
|      # endif
|      #endif
| 
| 
| int
| main ()
| {
| if (sizeof ((struct timeval)))
| 	    return 0;
|   ;
|   return 0;
| }
configure:12332: result: yes
configure:12492: creating ./config.status

## ---------------------- ##
## Running config.status. ##
## ---------------------- ##

This file was extended by config.status, which was
generated by GNU Autoconf 2.67.  Invocation command line was

  CONFIG_FILES    = 
  CONFIG_HEADERS  = 
  CONFIG_LINKS    = 
  CONFIG_COMMANDS = 
  $ ./config.status 

on raspberrypi

config.status:1135: creating libosip2.pc
config.status:1135: creating Makefile
config.status:1135: creating scripts/Makefile
config.status:1135: creating src/Makefile
config.status:1135: creating src/osipparser2/Makefile
config.status:1135: creating src/osip2/Makefile
config.status:1135: creating src/test/Makefile
config.status:1135: creating src/test/res/Makefile
config.status:1135: creating include/Makefile
config.status:1135: creating include/osip2/Makefile
config.status:1135: creating include/osipparser2/Makefile
config.status:1135: creating include/osipparser2/headers/Makefile
config.status:1135: creating help/Makefile
config.status:1135: creating help/man/Makefile
config.status:1135: creating help/doxygen/Makefile
config.status:1135: creating platform/Makefile
config.status:1135: creating platform/rpm/Makefile
config.status:1135: creating platform/vsnet/Makefile
config.status:1135: creating platform/wince/Makefile
config.status:1135: creating include/osip2/doxygen.dox
config.status:1135: creating config.h
config.status:1363: executing depfiles commands
config.status:1363: executing libtool commands

## ---------------- ##
## Cache variables. ##
## ---------------- ##

Wall_cv_flag=yes
Wcast_align_cv_flag=yes
Wchar_subscripts_cv_flag=yes
Wformat_cv_flag=yes
Winline_cv_flag=yes
Wmissing_declarations_cv_flag=yes
Wmissing_prototypes_cv_flag=yes
Wnested_externs_cv_flag=yes
Wpointer_arith_cv_flag=yes
ac_cv_build=armv7l-unknown-linux-gnueabi
ac_cv_c_compiler_gnu=yes
ac_cv_env_CC_set=
ac_cv_env_CC_value=
ac_cv_env_CFLAGS_set=
ac_cv_env_CFLAGS_value=
ac_cv_env_CPPFLAGS_set=
ac_cv_env_CPPFLAGS_value=
ac_cv_env_CPP_set=
ac_cv_env_CPP_value=
ac_cv_env_LDFLAGS_set=
ac_cv_env_LDFLAGS_value=
ac_cv_env_LIBS_set=
ac_cv_env_LIBS_value=
ac_cv_env_build_alias_set=
ac_cv_env_build_alias_value=
ac_cv_env_host_alias_set=
ac_cv_env_host_alias_value=
ac_cv_env_target_alias_set=
ac_cv_env_target_alias_value=
ac_cv_header_assert_h=yes
ac_cv_header_ctype_h=yes
ac_cv_header_dlfcn_h=yes
ac_cv_header_fcntl_h=yes
ac_cv_header_inttypes_h=yes
ac_cv_header_malloc_h=yes
ac_cv_header_memory_h=yes
ac_cv_header_semaphore_h=yes
ac_cv_header_signal_h=yes
ac_cv_header_stdarg_h=yes
ac_cv_header_stdc=yes
ac_cv_header_stdint_h=yes
ac_cv_header_stdio_h=yes
ac_cv_header_stdlib_h=yes
ac_cv_header_string_h=yes
ac_cv_header_strings_h=yes
ac_cv_header_sys_select_h=yes
ac_cv_header_sys_sem_h=yes
ac_cv_header_sys_signal_h=yes
ac_cv_header_sys_stat_h=yes
ac_cv_header_sys_time_h=yes
ac_cv_header_sys_types_h=yes
ac_cv_header_sys_unistd_h=yes
ac_cv_header_syslog_h=yes
ac_cv_header_time_h=yes
ac_cv_header_unistd_h=yes
ac_cv_header_varargs_h=no
ac_cv_host=armv7l-unknown-linux-gnueabi
ac_cv_lib_c_lrand48=yes
ac_cv_lib_nsl_nis_add=yes
ac_cv_lib_posix4_sem_open=no
ac_cv_lib_socket_sendto=no
ac_cv_objext=o
ac_cv_path_EGREP='/bin/grep -E'
ac_cv_path_FGREP='/bin/grep -F'
ac_cv_path_GREP=/bin/grep
ac_cv_path_SED=/bin/sed
ac_cv_path_install='/usr/bin/install -c'
ac_cv_path_mkdir=/bin/mkdir
ac_cv_prog_AWK=mawk
ac_cv_prog_CPP='gcc -E'
ac_cv_prog_PTHREAD_CC=gcc
ac_cv_prog_ac_ct_AR=ar
ac_cv_prog_ac_ct_CC=gcc
ac_cv_prog_ac_ct_OBJDUMP=objdump
ac_cv_prog_ac_ct_RANLIB=ranlib
ac_cv_prog_ac_ct_STRIP=strip
ac_cv_prog_cc_c89=
ac_cv_prog_cc_g=yes
ac_cv_prog_make_make_set=yes
ac_cv_type_struct_timeval=yes
am_cv_CC_dependencies_compiler_type=gcc3
lt_cv_deplibs_check_method=pass_all
lt_cv_file_magic_cmd='$MAGIC_CMD'
lt_cv_file_magic_test_file=
lt_cv_ld_reload_flag=-r
lt_cv_nm_interface='BSD nm'
lt_cv_objdir=.libs
lt_cv_path_LD=/usr/bin/ld
lt_cv_path_NM='/usr/bin/nm -B'
lt_cv_prog_compiler_c_o=yes
lt_cv_prog_compiler_pic_works=yes
lt_cv_prog_compiler_rtti_exceptions=no
lt_cv_prog_compiler_static_works=yes
lt_cv_prog_gnu_ld=yes
lt_cv_sys_global_symbol_pipe='sed -n -e '\''s/^.*[	 ]\([ABCDGIRSTW][ABCDGIRSTW]*\)[	 ][	 ]*\([_A-Za-z][_A-Za-z0-9]*\)$/\1 \2 \2/p'\'''
lt_cv_sys_global_symbol_to_c_name_address='sed -n -e '\''s/^: \([^ ]*\) $/  {\"\1\", (void *) 0},/p'\'' -e '\''s/^[ABCDGIRSTW]* \([^ ]*\) \([^ ]*\)$/  {"\2", (void *) \&\2},/p'\'''
lt_cv_sys_global_symbol_to_c_name_address_lib_prefix='sed -n -e '\''s/^: \([^ ]*\) $/  {\"\1\", (void *) 0},/p'\'' -e '\''s/^[ABCDGIRSTW]* \([^ ]*\) \(lib[^ ]*\)$/  {"\2", (void *) \&\2},/p'\'' -e '\''s/^[ABCDGIRSTW]* \([^ ]*\) \([^ ]*\)$/  {"lib\2", (void *) \&\2},/p'\'''
lt_cv_sys_global_symbol_to_cdecl='sed -n -e '\''s/^T .* \(.*\)$/extern int \1();/p'\'' -e '\''s/^[ABCDGIRSTW]* .* \(.*\)$/extern char \1;/p'\'''
lt_cv_sys_max_cmd_len=1572864

## ----------------- ##
## Output variables. ##
## ----------------- ##

ACLOCAL='${SHELL} /home/pi/sipproject/lib-file/libosip2-3.6.0/scripts/missing --run aclocal-1.11 -I scripts'
AMDEPBACKSLASH='\'
AMDEP_FALSE='#'
AMDEP_TRUE=''
AMTAR='${SHELL} /home/pi/sipproject/lib-file/libosip2-3.6.0/scripts/missing --run tar'
AR='ar'
AS='as'
AUTOCONF='${SHELL} /home/pi/sipproject/lib-file/libosip2-3.6.0/scripts/missing --run autoconf'
AUTOHEADER='${SHELL} /home/pi/sipproject/lib-file/libosip2-3.6.0/scripts/missing --run autoheader'
AUTOMAKE='${SHELL} /home/pi/sipproject/lib-file/libosip2-3.6.0/scripts/missing --run automake-1.11'
AWK='mawk'
BUILD_MAXSIZE_FALSE='#'
BUILD_MAXSIZE_TRUE=''
BUILD_MT_FALSE='#'
BUILD_MT_TRUE=''
CC='gcc'
CCDEPMODE='depmode=gcc3'
CFLAGS='-g '
COMPILE_TESTS_FALSE=''
COMPILE_TESTS_TRUE='#'
CPP='gcc -E'
CPPFLAGS=' -Wall -Wcast-align -Wchar-subscripts -Wformat -Winline -Wmissing-declarations -Wmissing-prototypes -Wnested-externs -Wpointer-arith'
CYGPATH_W='echo'
DEFS='-DHAVE_CONFIG_H'
DEPDIR='.deps'
DLLTOOL='dlltool'
DSYMUTIL=''
DUMPBIN=''
ECHO_C=''
ECHO_N='-n'
ECHO_T=''
EGREP='/bin/grep -E'
EXEEXT=''
EXTRA_LIB=''
FGREP='/bin/grep -F'
FSM_LIB=' -lnsl'
GREP='/bin/grep'
INSIDE_GNOME_COMMON_FALSE=''
INSIDE_GNOME_COMMON_TRUE='#'
INSTALL_DATA='${INSTALL} -m 644'
INSTALL_PROGRAM='${INSTALL}'
INSTALL_SCRIPT='${INSTALL}'
INSTALL_STRIP_PROGRAM='$(install_sh) -c -s'
LD='/usr/bin/ld'
LDFLAGS=''
LIBOBJS=''
LIBOSIP_SO_VERSION='9:0:2'
LIBS=''
LIBTOOL='$(SHELL) $(top_builddir)/libtool'
LIPO=''
LN_S='ln -s'
LTLIBOBJS=''
MAKEINFO='${SHELL} /home/pi/sipproject/lib-file/libosip2-3.6.0/scripts/missing --run makeinfo'
MKDIR_P='/bin/mkdir -p'
NM='/usr/bin/nm -B'
NMEDIT=''
OBJDUMP='objdump'
OBJEXT='o'
OSIP_VERSION='3.6.0'
OTOOL64=''
OTOOL=''
PACKAGE='libosip2'
PACKAGE_BUGREPORT=''
PACKAGE_NAME=''
PACKAGE_STRING=''
PACKAGE_TARNAME=''
PACKAGE_URL=''
PACKAGE_VERSION=''
PARSER_LIB=''
PATH_SEPARATOR=':'
PTHREAD_CC='gcc'
PTHREAD_CFLAGS='-pthread'
PTHREAD_LIBS=''
RANLIB='ranlib'
SED='/bin/sed'
SET_MAKE=''
SHELL='/bin/bash'
SIP_CFLAGS=' -g '
SIP_EXTRA_FLAGS=' -pedantic -g -DENABLE_TRACE'
SIP_FSM_FLAGS='-DOSIP_MT'
SIP_PARSER_FLAGS=''
STRIP='strip'
VERSION='3.6.0'
ac_ct_CC='gcc'
ac_ct_DUMPBIN=''
am__EXEEXT_FALSE=''
am__EXEEXT_TRUE='#'
am__fastdepCC_FALSE='#'
am__fastdepCC_TRUE=''
am__include='include'
am__isrc=''
am__leading_dot='.'
am__quote=''
am__tar='${AMTAR} chof - "$$tardir"'
am__untar='${AMTAR} xf -'
bindir='${exec_prefix}/bin'
build='armv7l-unknown-linux-gnueabi'
build_alias=''
build_cpu='armv7l'
build_os='linux-gnueabi'
build_vendor='unknown'
datadir='${datarootdir}'
datarootdir='${prefix}/share'
docdir='${datarootdir}/doc/${PACKAGE}'
dvidir='${docdir}'
exec_prefix='${prefix}'
host='armv7l-unknown-linux-gnueabi'
host_alias=''
host_cpu='armv7l'
host_os='linux-gnueabi'
host_vendor='unknown'
htmldir='${docdir}'
includedir='${prefix}/include'
infodir='${datarootdir}/info'
install_sh='${SHELL} /home/pi/sipproject/lib-file/libosip2-3.6.0/scripts/install-sh'
libdir='${exec_prefix}/lib'
libexecdir='${exec_prefix}/libexec'
localedir='${datarootdir}/locale'
localstatedir='${prefix}/var'
lt_ECHO='echo'
mandir='${datarootdir}/man'
mkdir_p='/bin/mkdir -p'
oldincludedir='/usr/include'
pdfdir='${docdir}'
prefix='/usr/local'
program_transform_name='s,x,x,'
psdir='${docdir}'
sbindir='${exec_prefix}/sbin'
sharedstatedir='${prefix}/com'
sysconfdir='${prefix}/etc'
target_alias=''

## ----------- ##
## confdefs.h. ##
## ----------- ##

/* confdefs.h */
#define PACKAGE_NAME ""
#define PACKAGE_TARNAME ""
#define PACKAGE_VERSION ""
#define PACKAGE_STRING ""
#define PACKAGE_BUGREPORT ""
#define PACKAGE_URL ""
#define PACKAGE "libosip2"
#define VERSION "3.6.0"
#define STDC_HEADERS 1
#define HAVE_SYS_TYPES_H 1
#define HAVE_SYS_STAT_H 1
#define HAVE_STDLIB_H 1
#define HAVE_STRING_H 1
#define HAVE_MEMORY_H 1
#define HAVE_STRINGS_H 1
#define HAVE_INTTYPES_H 1
#define HAVE_STDINT_H 1
#define HAVE_UNISTD_H 1
#define HAVE_DLFCN_H 1
#define LT_OBJDIR ".libs/"
#define HAVE_PTHREAD 1
#define HAVE_SEMAPHORE_H 1
#define HAVE_SYS_SEM_H 1
#define HAVE_LRAND48 /**/
#define STDC_HEADERS 1
#define HAVE_STRING_H 1
#define HAVE_STRINGS_H 1
#define HAVE_STDLIB_H 1
#define HAVE_UNISTD_H 1
#define HAVE_SYS_TYPES_H 1
#define HAVE_SYS_UNISTD_H 1
#define HAVE_SYSLOG_H 1
#define HAVE_CTYPE_H 1
#define HAVE_STDIO_H 1
#define HAVE_STDARG_H 1
#define HAVE_FCNTL_H 1
#define HAVE_TIME_H 1
#define HAVE_SYS_TIME_H 1
#define HAVE_SYS_SELECT_H 1
#define HAVE_ASSERT_H 1
#define HAVE_SIGNAL_H 1
#define HAVE_SYS_SIGNAL_H 1
#define HAVE_MALLOC_H 1
#define HAVE_STRUCT_TIMEVAL 1

configure: exit 0
